<?xml version="1.0" encoding="UTF-8"?>
<coverage generated="1603533252826" clover="3.2.0">
  <project timestamp="1603533252826" name="All files">
    <metrics statements="24" coveredstatements="23" conditionals="16" coveredconditionals="12" methods="8" coveredmethods="8" elements="48" coveredelements="43" complexity="0" loc="24" ncloc="24" packages="1" files="2" classes="2"/>
    <file name="filter.js" path="C:\Users\gaurav.shrestha\CodeChallenge\NineAPI\src\filter.js">
      <metrics statements="21" coveredstatements="20" conditionals="16" coveredconditionals="12" methods="8" coveredmethods="8"/>
      <line num="1" count="1" type="stmt"/>
      <line num="4" count="1" type="stmt"/>
      <line num="5" count="1" type="stmt"/>
      <line num="6" count="1" type="stmt"/>
      <line num="7" count="1" type="stmt"/>
      <line num="8" count="1" type="stmt"/>
      <line num="9" count="2" type="cond" truecount="5" falsecount="0"/>
      <line num="10" count="1" type="stmt"/>
      <line num="11" count="1" type="stmt"/>
      <line num="13" count="1" type="stmt"/>
      <line num="16" count="1" type="stmt"/>
      <line num="17" count="1" type="stmt"/>
      <line num="18" count="1" type="stmt"/>
      <line num="20" count="0" type="stmt"/>
      <line num="25" count="2" type="cond" truecount="4" falsecount="1"/>
      <line num="29" count="2" type="cond" truecount="2" falsecount="0"/>
      <line num="33" count="1" type="cond" truecount="1" falsecount="1"/>
      <line num="37" count="1" type="stmt"/>
      <line num="38" count="7" type="stmt"/>
      <line num="39" count="3" type="stmt"/>
      <line num="42" count="1" type="stmt"/>
    </file>
    <file name="logger.js" path="C:\Users\gaurav.shrestha\CodeChallenge\NineAPI\src\logger.js">
      <metrics statements="3" coveredstatements="3" conditionals="0" coveredconditionals="0" methods="0" coveredmethods="0"/>
      <line num="1" count="1" type="stmt"/>
      <line num="3" count="1" type="stmt"/>
      <line num="13" count="1" type="stmt"/>
    </file>
  </project>
</coverage>
