{"C:\\Users\\gaurav.shrestha\\CodeChallenge\\NineAPI\\src\\filter.js": {"path":"C:\\Users\\gaurav.shrestha\\CodeChallenge\\NineAPI\\src\\filter.js","statementMap":{"0":{"start":{"line":1,"column":15},"end":{"line":1,"column":34}},"1":{"start":{"line":4,"column":2},"end":{"line":21,"column":3}},"2":{"start":{"line":5,"column":19},"end":{"line":5,"column":21}},"3":{"start":{"line":6,"column":23},"end":{"line":6,"column":25}},"4":{"start":{"line":7,"column":20},"end":{"line":7,"column":46}},"5":{"start":{"line":8,"column":4},"end":{"line":15,"column":7}},"6":{"start":{"line":9,"column":6},"end":{"line":14,"column":7}},"7":{"start":{"line":10,"column":8},"end":{"line":10,"column":42}},"8":{"start":{"line":11,"column":8},"end":{"line":11,"column":43}},"9":{"start":{"line":13,"column":8},"end":{"line":13,"column":32}},"10":{"start":{"line":16,"column":4},"end":{"line":16,"column":58}},"11":{"start":{"line":17,"column":4},"end":{"line":17,"column":64}},"12":{"start":{"line":18,"column":4},"end":{"line":18,"column":24}},"13":{"start":{"line":20,"column":4},"end":{"line":20,"column":14}},"14":{"start":{"line":25,"column":2},"end":{"line":25,"column":79}},"15":{"start":{"line":29,"column":2},"end":{"line":29,"column":29}},"16":{"start":{"line":33,"column":2},"end":{"line":33,"column":42}},"17":{"start":{"line":37,"column":2},"end":{"line":39,"column":73}},"18":{"start":{"line":38,"column":23},"end":{"line":38,"column":47}},"19":{"start":{"line":39,"column":33},"end":{"line":39,"column":67}},"20":{"start":{"line":42,"column":0},"end":{"line":42,"column":28}}},"fnMap":{"0":{"name":"filter","decl":{"start":{"line":3,"column":9},"end":{"line":3,"column":15}},"loc":{"start":{"line":3,"column":28},"end":{"line":22,"column":1}},"line":3},"1":{"name":"(anonymous_1)","decl":{"start":{"line":8,"column":18},"end":{"line":8,"column":19}},"loc":{"start":{"line":8,"column":28},"end":{"line":15,"column":5}},"line":8},"2":{"name":"hasKeys","decl":{"start":{"line":24,"column":9},"end":{"line":24,"column":16}},"loc":{"start":{"line":24,"column":26},"end":{"line":26,"column":1}},"line":24},"3":{"name":"hasDrm","decl":{"start":{"line":28,"column":9},"end":{"line":28,"column":15}},"loc":{"start":{"line":28,"column":25},"end":{"line":30,"column":1}},"line":28},"4":{"name":"hasEpisodeCount","decl":{"start":{"line":32,"column":9},"end":{"line":32,"column":24}},"loc":{"start":{"line":32,"column":34},"end":{"line":34,"column":1}},"line":32},"5":{"name":"pick","decl":{"start":{"line":36,"column":9},"end":{"line":36,"column":13}},"loc":{"start":{"line":36,"column":36},"end":{"line":40,"column":1}},"line":36},"6":{"name":"(anonymous_6)","decl":{"start":{"line":38,"column":12},"end":{"line":38,"column":13}},"loc":{"start":{"line":38,"column":23},"end":{"line":38,"column":47}},"line":38},"7":{"name":"(anonymous_7)","decl":{"start":{"line":39,"column":12},"end":{"line":39,"column":13}},"loc":{"start":{"line":39,"column":33},"end":{"line":39,"column":67}},"line":39}},"branchMap":{"0":{"loc":{"start":{"line":3,"column":16},"end":{"line":3,"column":26}},"type":"default-arg","locations":[{"start":{"line":3,"column":24},"end":{"line":3,"column":26}}],"line":3},"1":{"loc":{"start":{"line":9,"column":6},"end":{"line":14,"column":7}},"type":"if","locations":[{"start":{"line":9,"column":6},"end":{"line":14,"column":7}},{"start":{"line":9,"column":6},"end":{"line":14,"column":7}}],"line":9},"2":{"loc":{"start":{"line":9,"column":10},"end":{"line":9,"column":64}},"type":"binary-expr","locations":[{"start":{"line":9,"column":10},"end":{"line":9,"column":23}},{"start":{"line":9,"column":27},"end":{"line":9,"column":39}},{"start":{"line":9,"column":43},"end":{"line":9,"column":64}}],"line":9},"3":{"loc":{"start":{"line":25,"column":9},"end":{"line":25,"column":78}},"type":"cond-expr","locations":[{"start":{"line":25,"column":73},"end":{"line":25,"column":74}},{"start":{"line":25,"column":77},"end":{"line":25,"column":78}}],"line":25},"4":{"loc":{"start":{"line":25,"column":9},"end":{"line":25,"column":70}},"type":"binary-expr","locations":[{"start":{"line":25,"column":9},"end":{"line":25,"column":27}},{"start":{"line":25,"column":31},"end":{"line":25,"column":48}},{"start":{"line":25,"column":52},"end":{"line":25,"column":70}}],"line":25},"5":{"loc":{"start":{"line":29,"column":9},"end":{"line":29,"column":28}},"type":"cond-expr","locations":[{"start":{"line":29,"column":23},"end":{"line":29,"column":24}},{"start":{"line":29,"column":27},"end":{"line":29,"column":28}}],"line":29},"6":{"loc":{"start":{"line":33,"column":9},"end":{"line":33,"column":41}},"type":"cond-expr","locations":[{"start":{"line":33,"column":36},"end":{"line":33,"column":37}},{"start":{"line":33,"column":40},"end":{"line":33,"column":41}}],"line":33},"7":{"loc":{"start":{"line":36,"column":19},"end":{"line":36,"column":34}},"type":"default-arg","locations":[{"start":{"line":36,"column":32},"end":{"line":36,"column":34}}],"line":36}},"s":{"0":1,"1":1,"2":1,"3":1,"4":1,"5":1,"6":2,"7":1,"8":1,"9":1,"10":1,"11":1,"12":1,"13":0,"14":2,"15":2,"16":1,"17":1,"18":7,"19":3,"20":1},"f":{"0":1,"1":2,"2":2,"3":2,"4":1,"5":1,"6":7,"7":3},"b":{"0":[0],"1":[1,1],"2":[2,2,1],"3":[2,0],"4":[2,2,2],"5":[1,1],"6":[1,0],"7":[0]},"_coverageSchema":"1a1c01bbd47fc00a2c39e90264f33305004495a9","hash":"02202b47960e67f75b496ad4510ce4ca229343a5"}
,"C:\\Users\\gaurav.shrestha\\CodeChallenge\\NineAPI\\src\\logger.js": {"path":"C:\\Users\\gaurav.shrestha\\CodeChallenge\\NineAPI\\src\\logger.js","statementMap":{"0":{"start":{"line":1,"column":45},"end":{"line":1,"column":63}},"1":{"start":{"line":3,"column":15},"end":{"line":11,"column":2}},"2":{"start":{"line":13,"column":0},"end":{"line":13,"column":24}}},"fnMap":{},"branchMap":{},"s":{"0":1,"1":1,"2":1},"f":{},"b":{},"_coverageSchema":"1a1c01bbd47fc00a2c39e90264f33305004495a9","hash":"8fc699c5146557e2fc27f8dd03d1013d0d87592e"}
}
