TN:
SF:src\filter.js
FN:3,filter
FN:8,(anonymous_1)
FN:24,hasKeys
FN:28,hasDrm
FN:32,hasEpisodeCount
FN:36,pick
FN:38,(anonymous_6)
FN:39,(anonymous_7)
FNF:8
FNH:8
FNDA:1,filter
FNDA:2,(anonymous_1)
FNDA:2,hasKeys
FNDA:2,hasDrm
FNDA:1,hasEpisodeCount
FNDA:1,pick
FNDA:7,(anonymous_6)
FNDA:3,(anonymous_7)
DA:1,1
DA:4,1
DA:5,1
DA:6,1
DA:7,1
DA:8,1
DA:9,2
DA:10,1
DA:11,1
DA:13,1
DA:16,1
DA:17,1
DA:18,1
DA:20,0
DA:25,2
DA:29,2
DA:33,1
DA:37,1
DA:38,7
DA:39,3
DA:42,1
LF:21
LH:20
BRDA:3,0,0,0
BRDA:9,1,0,1
BRDA:9,1,1,1
BRDA:9,2,0,2
BRDA:9,2,1,2
BRDA:9,2,2,1
BRDA:25,3,0,2
BRDA:25,3,1,0
BRDA:25,4,0,2
BRDA:25,4,1,2
BRDA:25,4,2,2
BRDA:29,5,0,1
BRDA:29,5,1,1
BRDA:33,6,0,1
BRDA:33,6,1,0
BRDA:36,7,0,0
BRF:16
BRH:12
end_of_record
TN:
SF:src\logger.js
FNF:0
FNH:0
DA:1,1
DA:3,1
DA:13,1
LF:3
LH:3
BRF:0
BRH:0
end_of_record
